ERROR 2021-01-05 13:59:08,221 root : Сервер недоступний. Будь ласка, запустіть сервер ще раз. Помилка: ('Connection aborted.', RemoteDisconnected('Remote end closed connection without response'))
INFO 2021-01-05 14:00:08,311 root : Сервер доступний. Час на сервері: 2021-01-05T14:00:08.308
INFO 2021-01-05 14:00:08,311 root : Запитувана сторінка: : /health/
INFO 2021-01-05 14:00:08,311 root : Відповідь сервера місти наступні поля:
INFO 2021-01-05 14:00:08,311 root : Ключ: date, Значення: 2021-01-05T14:00:08.308
INFO 2021-01-05 14:00:08,312 root : Ключ: current_page, Значення: /health/
INFO 2021-01-05 14:00:08,312 root : Ключ: server_info, Значення: {'system': 'posix'}
INFO 2021-01-05 14:00:08,312 root : Ключ: datetime, Значення: 2021-01-05T14:00:08.308962
INFO 2021-01-05 14:00:08,312 root : Ключ: server_url, Значення: http://localhost:8000/health/
INFO 2021-01-05 14:00:08,312 root : Ключ: client_info, Значення: python-requests/2.25.1
INFO 2021-01-05 14:01:08,379 root : Сервер доступний. Час на сервері: 2021-01-05T14:01:08.378
INFO 2021-01-05 14:01:08,380 root : Запитувана сторінка: : /health/
INFO 2021-01-05 14:01:08,380 root : Відповідь сервера місти наступні поля:
INFO 2021-01-05 14:01:08,380 root : Ключ: date, Значення: 2021-01-05T14:01:08.378
INFO 2021-01-05 14:01:08,380 root : Ключ: current_page, Значення: /health/
INFO 2021-01-05 14:01:08,380 root : Ключ: server_info, Значення: {'system': 'posix'}
INFO 2021-01-05 14:01:08,380 root : Ключ: datetime, Значення: 2021-01-05T14:01:08.378732
INFO 2021-01-05 14:01:08,380 root : Ключ: server_url, Значення: http://localhost:8000/health/
INFO 2021-01-05 14:01:08,380 root : Ключ: client_info, Значення: python-requests/2.25.1
INFO 2021-01-05 14:02:08,470 root : Сервер доступний. Час на сервері: 2021-01-05T14:02:08.462
INFO 2021-01-05 14:02:08,470 root : Запитувана сторінка: : /health/
INFO 2021-01-05 14:02:08,470 root : Відповідь сервера місти наступні поля:
INFO 2021-01-05 14:02:08,473 root : Ключ: date, Значення: 2021-01-05T14:02:08.462
INFO 2021-01-05 14:02:08,473 root : Ключ: current_page, Значення: /health/
INFO 2021-01-05 14:02:08,473 root : Ключ: server_info, Значення: {'system': 'posix'}
INFO 2021-01-05 14:02:08,473 root : Ключ: datetime, Значення: 2021-01-05T14:02:08.462391
INFO 2021-01-05 14:02:08,473 root : Ключ: server_url, Значення: http://localhost:8000/health/
INFO 2021-01-05 14:02:08,473 root : Ключ: client_info, Значення: python-requests/2.25.1
